<?xml version="1.0" encoding="UTF-8"?>
<!-- Generated by org.testng.reporters.JUnitReportReporter -->
<testsuite skipped="0" hostname="VARSHA" name="WiremockTests.carTest" tests="1" failures="0" timestamp="2020-08-11T16:50:01 PDT" time="0.962" errors="0">
  <testcase name="getCars" time="0.962" classname="WiremockTests.carTest"/>
  <system-out/>
</testsuite> <!-- WiremockTests.carTest -->
