<?xml version="1.0" encoding="UTF-8"?>
<!-- Generated by org.testng.reporters.JUnitReportReporter -->
<testsuite skipped="0" hostname="VARSHA" name="stubMapping.stub1" tests="3" failures="0" timestamp="2020-08-18T11:42:14 PDT" time="4.110" errors="0">
  <testcase name="getBlueTesla" time="2.374" classname="stubMapping.stub1"/>
  <system-out/>
  <testcase name="lowestRentalPerDay" time="0.898" classname="stubMapping.stub1"/>
  <system-out/>
  <testcase name="highestProfitGeneratingCar" time="0.838" classname="stubMapping.stub1"/>
  <system-out/>
</testsuite> <!-- stubMapping.stub1 -->
